<?xml version="1.0" encoding="UTF-8"?>
<testng-results skipped="0" failed="0" ignored="0" total="1" passed="1">
  <reporter-output>
  </reporter-output>
  <suite name="Suite" duration-ms="45973" started-at="2018-12-22T10:36:46Z" finished-at="2018-12-22T10:37:32Z">
    <groups>
    </groups>
    <test name="Test" duration-ms="45973" started-at="2018-12-22T10:36:46Z" finished-at="2018-12-22T10:37:32Z">
      <class name="finalpack.finaltest">
        <test-method status="PASS" signature="browserlauching()[pri:0, instance:finalpack.finaltest@18bf3d14]" name="browserlauching" is-config="true" duration-ms="38167" started-at="2018-12-22T10:36:46Z" finished-at="2018-12-22T10:37:24Z">
          <reporter-output>
          </reporter-output>
        </test-method> <!-- browserlauching -->
        <test-method status="PASS" signature="OnlyCorrectUNPW()[pri:0, instance:finalpack.finaltest@18bf3d14]" name="OnlyCorrectUNPW" duration-ms="6041" started-at="2018-12-22T10:37:26Z" finished-at="2018-12-22T10:37:32Z">
          <reporter-output>
          </reporter-output>
        </test-method> <!-- OnlyCorrectUNPW -->
      </class> <!-- finalpack.finaltest -->
    </test> <!-- Test -->
  </suite> <!-- Suite -->
</testng-results>
